<?xml version="1.0" encoding="UTF-8"?>
<!-- Generated by org.testng.reporters.JUnitReportReporter -->
<testsuite hostname="GlobalApps-PC" name="TestJava.TestRun" tests="1" failures="0" timestamp="22 Mar 2016 13:59:21 GMT" time="81.379" errors="0">
  <testcase name="Login" time="81.379" classname="TestJava.TestRun"/>
</testsuite> <!-- TestJava.TestRun -->
